Determining if the pthread_create exist failed with the following output:
Change Dir: /mnt/hgfs/my work/SFND_Lidar_Obstacle_Detection/src/quiz/ransac/build/CMakeFiles/CMakeTmp

Run Build Command:"/usr/bin/make" "cmTC_a204d/fast"
/usr/bin/make -f CMakeFiles/cmTC_a204d.dir/build.make CMakeFiles/cmTC_a204d.dir/build
make[1]: Entering directory '/mnt/hgfs/my work/SFND_Lidar_Obstacle_Detection/src/quiz/ransac/build/CMakeFiles/CMakeTmp'
Building C object CMakeFiles/cmTC_a204d.dir/CheckSymbolExists.c.o
/usr/bin/cc    -o CMakeFiles/cmTC_a204d.dir/CheckSymbolExists.c.o   -c "/mnt/hgfs/my work/SFND_Lidar_Obstacle_Detection/src/quiz/ransac/build/CMakeFiles/CMakeTmp/CheckSymbolExists.c"
Linking C executable cmTC_a204d
/usr/bin/cmake -E cmake_link_script CMakeFiles/cmTC_a204d.dir/link.txt --verbose=1
/usr/bin/cc      -rdynamic CMakeFiles/cmTC_a204d.dir/CheckSymbolExists.c.o  -o cmTC_a204d 
CMakeFiles/cmTC_a204d.dir/CheckSymbolExists.c.o: In function `main':
CheckSymbolExists.c:(.text+0x1b): undefined reference to `pthread_create'
collect2: error: ld returned 1 exit status
CMakeFiles/cmTC_a204d.dir/build.make:97: recipe for target 'cmTC_a204d' failed
make[1]: *** [cmTC_a204d] Error 1
make[1]: Leaving directory '/mnt/hgfs/my work/SFND_Lidar_Obstacle_Detection/src/quiz/ransac/build/CMakeFiles/CMakeTmp'
Makefile:126: recipe for target 'cmTC_a204d/fast' failed
make: *** [cmTC_a204d/fast] Error 2

File /mnt/hgfs/my work/SFND_Lidar_Obstacle_Detection/src/quiz/ransac/build/CMakeFiles/CMakeTmp/CheckSymbolExists.c:
/* */
#include <pthread.h>

int main(int argc, char** argv)
{
  (void)argv;
#ifndef pthread_create
  return ((int*)(&pthread_create))[argc];
#else
  (void)argc;
  return 0;
#endif
}

Determining if the function pthread_create exists in the pthreads failed with the following output:
Change Dir: /mnt/hgfs/my work/SFND_Lidar_Obstacle_Detection/src/quiz/ransac/build/CMakeFiles/CMakeTmp

Run Build Command:"/usr/bin/make" "cmTC_07ef0/fast"
/usr/bin/make -f CMakeFiles/cmTC_07ef0.dir/build.make CMakeFiles/cmTC_07ef0.dir/build
make[1]: Entering directory '/mnt/hgfs/my work/SFND_Lidar_Obstacle_Detection/src/quiz/ransac/build/CMakeFiles/CMakeTmp'
make[1]: Warning: File 'CMakeFiles/cmTC_07ef0.dir/progress.make' has modification time 0.069 s in the future
Building C object CMakeFiles/cmTC_07ef0.dir/CheckFunctionExists.c.o
/usr/bin/cc   -DCHECK_FUNCTION_EXISTS=pthread_create   -o CMakeFiles/cmTC_07ef0.dir/CheckFunctionExists.c.o   -c /usr/share/cmake-3.10/Modules/CheckFunctionExists.c
Linking C executable cmTC_07ef0
/usr/bin/cmake -E cmake_link_script CMakeFiles/cmTC_07ef0.dir/link.txt --verbose=1
/usr/bin/cc  -DCHECK_FUNCTION_EXISTS=pthread_create    -rdynamic CMakeFiles/cmTC_07ef0.dir/CheckFunctionExists.c.o  -o cmTC_07ef0 -lpthreads 
/usr/bin/ld: cannot find -lpthreads
collect2: error: ld returned 1 exit status
CMakeFiles/cmTC_07ef0.dir/build.make:97: recipe for target 'cmTC_07ef0' failed
make[1]: *** [cmTC_07ef0] Error 1
make[1]: Leaving directory '/mnt/hgfs/my work/SFND_Lidar_Obstacle_Detection/src/quiz/ransac/build/CMakeFiles/CMakeTmp'
Makefile:126: recipe for target 'cmTC_07ef0/fast' failed
make: *** [cmTC_07ef0/fast] Error 2


