Determining if the pthread_create exist failed with the following output:
Change Dir: /mnt/c/Users/hoang/Documents/my_work/SFND_Lidar_Obstacle_Detection/src/quiz/cluster/build/CMakeFiles/CMakeTmp

Run Build Command:"/usr/bin/make" "cmTC_13a9b/fast"
/usr/bin/make -f CMakeFiles/cmTC_13a9b.dir/build.make CMakeFiles/cmTC_13a9b.dir/build
make[1]: Entering directory '/mnt/c/Users/hoang/Documents/my_work/SFND_Lidar_Obstacle_Detection/src/quiz/cluster/build/CMakeFiles/CMakeTmp'
Building C object CMakeFiles/cmTC_13a9b.dir/CheckSymbolExists.c.o
/usr/bin/cc    -o CMakeFiles/cmTC_13a9b.dir/CheckSymbolExists.c.o   -c /mnt/c/Users/hoang/Documents/my_work/SFND_Lidar_Obstacle_Detection/src/quiz/cluster/build/CMakeFiles/CMakeTmp/CheckSymbolExists.c
Linking C executable cmTC_13a9b
/usr/bin/cmake -E cmake_link_script CMakeFiles/cmTC_13a9b.dir/link.txt --verbose=1
/usr/bin/cc      -rdynamic CMakeFiles/cmTC_13a9b.dir/CheckSymbolExists.c.o  -o cmTC_13a9b 
CMakeFiles/cmTC_13a9b.dir/CheckSymbolExists.c.o: In function `main':
CheckSymbolExists.c:(.text+0x1b): undefined reference to `pthread_create'
collect2: error: ld returned 1 exit status
CMakeFiles/cmTC_13a9b.dir/build.make:97: recipe for target 'cmTC_13a9b' failed
make[1]: *** [cmTC_13a9b] Error 1
make[1]: Leaving directory '/mnt/c/Users/hoang/Documents/my_work/SFND_Lidar_Obstacle_Detection/src/quiz/cluster/build/CMakeFiles/CMakeTmp'
Makefile:126: recipe for target 'cmTC_13a9b/fast' failed
make: *** [cmTC_13a9b/fast] Error 2

File /mnt/c/Users/hoang/Documents/my_work/SFND_Lidar_Obstacle_Detection/src/quiz/cluster/build/CMakeFiles/CMakeTmp/CheckSymbolExists.c:
/* */
#include <pthread.h>

int main(int argc, char** argv)
{
  (void)argv;
#ifndef pthread_create
  return ((int*)(&pthread_create))[argc];
#else
  (void)argc;
  return 0;
#endif
}

Determining if the function pthread_create exists in the pthreads failed with the following output:
Change Dir: /mnt/c/Users/hoang/Documents/my_work/SFND_Lidar_Obstacle_Detection/src/quiz/cluster/build/CMakeFiles/CMakeTmp

Run Build Command:"/usr/bin/make" "cmTC_b0211/fast"
/usr/bin/make -f CMakeFiles/cmTC_b0211.dir/build.make CMakeFiles/cmTC_b0211.dir/build
make[1]: Entering directory '/mnt/c/Users/hoang/Documents/my_work/SFND_Lidar_Obstacle_Detection/src/quiz/cluster/build/CMakeFiles/CMakeTmp'
Building C object CMakeFiles/cmTC_b0211.dir/CheckFunctionExists.c.o
/usr/bin/cc   -DCHECK_FUNCTION_EXISTS=pthread_create   -o CMakeFiles/cmTC_b0211.dir/CheckFunctionExists.c.o   -c /usr/share/cmake-3.10/Modules/CheckFunctionExists.c
Linking C executable cmTC_b0211
/usr/bin/cmake -E cmake_link_script CMakeFiles/cmTC_b0211.dir/link.txt --verbose=1
/usr/bin/cc  -DCHECK_FUNCTION_EXISTS=pthread_create    -rdynamic CMakeFiles/cmTC_b0211.dir/CheckFunctionExists.c.o  -o cmTC_b0211 -lpthreads 
/usr/bin/ld: cannot find -lpthreads
collect2: error: ld returned 1 exit status
CMakeFiles/cmTC_b0211.dir/build.make:97: recipe for target 'cmTC_b0211' failed
make[1]: *** [cmTC_b0211] Error 1
make[1]: Leaving directory '/mnt/c/Users/hoang/Documents/my_work/SFND_Lidar_Obstacle_Detection/src/quiz/cluster/build/CMakeFiles/CMakeTmp'
Makefile:126: recipe for target 'cmTC_b0211/fast' failed
make: *** [cmTC_b0211/fast] Error 2


