Determining if the pthread_create exist failed with the following output:
Change Dir: /mnt/c/Users/hoang/Documents/my work/SFND_Lidar_Obstacle_Detection/build/CMakeFiles/CMakeTmp

Run Build Command:"/usr/bin/make" "cmTC_07001/fast"
/usr/bin/make -f CMakeFiles/cmTC_07001.dir/build.make CMakeFiles/cmTC_07001.dir/build
make[1]: Entering directory '/mnt/c/Users/hoang/Documents/my work/SFND_Lidar_Obstacle_Detection/build/CMakeFiles/CMakeTmp'
Building C object CMakeFiles/cmTC_07001.dir/CheckSymbolExists.c.o
/usr/bin/cc    -o CMakeFiles/cmTC_07001.dir/CheckSymbolExists.c.o   -c "/mnt/c/Users/hoang/Documents/my work/SFND_Lidar_Obstacle_Detection/build/CMakeFiles/CMakeTmp/CheckSymbolExists.c"
Linking C executable cmTC_07001
/usr/bin/cmake -E cmake_link_script CMakeFiles/cmTC_07001.dir/link.txt --verbose=1
/usr/bin/cc      -rdynamic CMakeFiles/cmTC_07001.dir/CheckSymbolExists.c.o  -o cmTC_07001 
CMakeFiles/cmTC_07001.dir/CheckSymbolExists.c.o: In function `main':
CheckSymbolExists.c:(.text+0x1b): undefined reference to `pthread_create'
collect2: error: ld returned 1 exit status
CMakeFiles/cmTC_07001.dir/build.make:97: recipe for target 'cmTC_07001' failed
make[1]: *** [cmTC_07001] Error 1
make[1]: Leaving directory '/mnt/c/Users/hoang/Documents/my work/SFND_Lidar_Obstacle_Detection/build/CMakeFiles/CMakeTmp'
Makefile:126: recipe for target 'cmTC_07001/fast' failed
make: *** [cmTC_07001/fast] Error 2

File /mnt/c/Users/hoang/Documents/my work/SFND_Lidar_Obstacle_Detection/build/CMakeFiles/CMakeTmp/CheckSymbolExists.c:
/* */
#include <pthread.h>

int main(int argc, char** argv)
{
  (void)argv;
#ifndef pthread_create
  return ((int*)(&pthread_create))[argc];
#else
  (void)argc;
  return 0;
#endif
}

Determining if the function pthread_create exists in the pthreads failed with the following output:
Change Dir: /mnt/c/Users/hoang/Documents/my work/SFND_Lidar_Obstacle_Detection/build/CMakeFiles/CMakeTmp

Run Build Command:"/usr/bin/make" "cmTC_eaf38/fast"
/usr/bin/make -f CMakeFiles/cmTC_eaf38.dir/build.make CMakeFiles/cmTC_eaf38.dir/build
make[1]: Entering directory '/mnt/c/Users/hoang/Documents/my work/SFND_Lidar_Obstacle_Detection/build/CMakeFiles/CMakeTmp'
Building C object CMakeFiles/cmTC_eaf38.dir/CheckFunctionExists.c.o
/usr/bin/cc   -DCHECK_FUNCTION_EXISTS=pthread_create   -o CMakeFiles/cmTC_eaf38.dir/CheckFunctionExists.c.o   -c /usr/share/cmake-3.10/Modules/CheckFunctionExists.c
Linking C executable cmTC_eaf38
/usr/bin/cmake -E cmake_link_script CMakeFiles/cmTC_eaf38.dir/link.txt --verbose=1
/usr/bin/cc  -DCHECK_FUNCTION_EXISTS=pthread_create    -rdynamic CMakeFiles/cmTC_eaf38.dir/CheckFunctionExists.c.o  -o cmTC_eaf38 -lpthreads 
/usr/bin/ld: cannot find -lpthreads
collect2: error: ld returned 1 exit status
CMakeFiles/cmTC_eaf38.dir/build.make:97: recipe for target 'cmTC_eaf38' failed
make[1]: *** [cmTC_eaf38] Error 1
make[1]: Leaving directory '/mnt/c/Users/hoang/Documents/my work/SFND_Lidar_Obstacle_Detection/build/CMakeFiles/CMakeTmp'
Makefile:126: recipe for target 'cmTC_eaf38/fast' failed
make: *** [cmTC_eaf38/fast] Error 2


